<?xml version="1.0" encoding="UTF-8"?>
<testsuite xmlns:xsi="http://www.w3.org/2001/XMLSchema-instance" xsi:schemaLocation="https://maven.apache.org/surefire/maven-surefire-plugin/xsd/surefire-test-report.xsd" name="TestSuite" time="334.689" tests="5" errors="0" skipped="4" failures="0">
  <properties>
    <property name="java.runtime.name" value="Java(TM) SE Runtime Environment"/>
    <property name="sun.boot.library.path" value="C:\Program Files\Java\jdk1.8.0_05\jre\bin"/>
    <property name="java.vm.version" value="25.5-b02"/>
    <property name="java.vm.vendor" value="Oracle Corporation"/>
    <property name="java.vendor.url" value="http://java.oracle.com/"/>
    <property name="path.separator" value=";"/>
    <property name="guice.disable.misplaced.annotation.check" value="true"/>
    <property name="java.vm.name" value="Java HotSpot(TM) 64-Bit Server VM"/>
    <property name="file.encoding.pkg" value="sun.io"/>
    <property name="user.script" value=""/>
    <property name="user.country" value="CA"/>
    <property name="sun.java.launcher" value="SUN_STANDARD"/>
    <property name="sun.os.patch.level" value="Service Pack 1"/>
    <property name="java.vm.specification.name" value="Java Virtual Machine Specification"/>
    <property name="user.dir" value="C:\Users\othnvun\workspace_framework\maaxautomation"/>
    <property name="java.runtime.version" value="1.8.0_05-b13"/>
    <property name="java.awt.graphicsenv" value="sun.awt.Win32GraphicsEnvironment"/>
    <property name="java.endorsed.dirs" value="C:\Program Files\Java\jdk1.8.0_05\jre\lib\endorsed"/>
    <property name="os.arch" value="amd64"/>
    <property name="java.io.tmpdir" value="C:\Users\othnvun\AppData\Local\Temp\"/>
    <property name="line.separator" value="&#10;"/>
    <property name="java.vm.specification.vendor" value="Oracle Corporation"/>
    <property name="user.variant" value=""/>
    <property name="os.name" value="Windows 7"/>
    <property name="classworlds.conf" value="C:\Seli\apache-maven-3.2.3\bin\m2.conf"/>
    <property name="sun.jnu.encoding" value="Cp1252"/>
    <property name="java.library.path" value="C:\Program Files\Java\jdk1.8.0_05\bin;C:\Windows\Sun\Java\bin;C:\Windows\system32;C:\Windows;C:\ProgramData\Oracle\Java\javapath;C:\Program Files (x86)\IBM\Lotus\Notes\jvm\bin\classic;c:\oracl11g;c:\oracl11g\bin;C:\Program Files (x86)\IBM\Lotus\Notes\jvm\bin\classic;C:\Windows\system32;C:\Windows;C:\Windows\System32\Wbem;C:\Windows\System32\WindowsPowerShell\v1.0\;C:\Program Files (x86)\IBM\Lotus\Notes\jvm\bin\classic;C:\Program Files (x86)\Microsoft Application Virtualization Client;C:\Program Files (x86)\IBM\Lotus\Notes;C:\Program Files\TortoiseSVN\bin;C:\apache-ant-1.9.4\bin;C:\Seli\apache-maven-3.2.3\bin;C:\Program Files\Java\jdk1.8.0_05\bin;C:\Users\othnvun\AppData\Local\Android\android-sdk/tools;C:\Users\othnvun\AppData\Local\Android\android-sdk/platform-tools;C:\Windows\System32\WindowsPowerShell\v1.0\;."/>
    <property name="java.specification.name" value="Java Platform API Specification"/>
    <property name="java.class.version" value="52.0"/>
    <property name="sun.management.compiler" value="HotSpot 64-Bit Tiered Compilers"/>
    <property name="os.version" value="6.1"/>
    <property name="user.home" value="C:\Users\othnvun"/>
    <property name="user.timezone" value="America/Halifax"/>
    <property name="java.awt.printerjob" value="sun.awt.windows.WPrinterJob"/>
    <property name="java.specification.version" value="1.8"/>
    <property name="file.encoding" value="Cp1252"/>
    <property name="user.name" value="othnvun"/>
    <property name="java.class.path" value="C:\Seli\apache-maven-3.2.3\boot\plexus-classworlds-2.5.1.jar"/>
    <property name="java.vm.specification.version" value="1.8"/>
    <property name="sun.arch.data.model" value="64"/>
    <property name="java.home" value="C:\Program Files\Java\jdk1.8.0_05\jre"/>
    <property name="sun.java.command" value="org.codehaus.plexus.classworlds.launcher.Launcher test"/>
    <property name="java.specification.vendor" value="Oracle Corporation"/>
    <property name="user.language" value="en"/>
    <property name="awt.toolkit" value="sun.awt.windows.WToolkit"/>
    <property name="java.vm.info" value="mixed mode"/>
    <property name="java.version" value="1.8.0_05"/>
    <property name="java.ext.dirs" value="C:\Program Files\Java\jdk1.8.0_05\jre\lib\ext;C:\Windows\Sun\Java\lib\ext"/>
    <property name="sun.boot.class.path" value="C:\Program Files\Java\jdk1.8.0_05\jre\lib\resources.jar;C:\Program Files\Java\jdk1.8.0_05\jre\lib\rt.jar;C:\Program Files\Java\jdk1.8.0_05\jre\lib\sunrsasign.jar;C:\Program Files\Java\jdk1.8.0_05\jre\lib\jsse.jar;C:\Program Files\Java\jdk1.8.0_05\jre\lib\jce.jar;C:\Program Files\Java\jdk1.8.0_05\jre\lib\charsets.jar;C:\Program Files\Java\jdk1.8.0_05\jre\lib\jfr.jar;C:\Program Files\Java\jdk1.8.0_05\jre\classes"/>
    <property name="sun.stderr.encoding" value="cp850"/>
    <property name="java.vendor" value="Oracle Corporation"/>
    <property name="maven.home" value="C:\Seli\apache-maven-3.2.3"/>
    <property name="file.separator" value="\"/>
    <property name="java.vendor.url.bug" value="http://bugreport.sun.com/bugreport/"/>
    <property name="sun.cpu.endian" value="little"/>
    <property name="sun.io.unicode.encoding" value="UnicodeLittle"/>
    <property name="sun.stdout.encoding" value="cp850"/>
    <property name="sun.desktop" value="windows"/>
    <property name="sun.cpu.isalist" value="amd64"/>
  </properties>
  <testcase name="certificateadd" classname="com.maax.businessmanager.common.Certificate_Add" time="0">
    <skipped message="Test case is configured as No"/>
    <system-out><![CDATA[Starting suitecommonTest
Starting suitecommonTest
Starting suitecommonTest
Starting suitecommonTest
certificateadd
Test case found   :certificateadd
Total columns of test data are  ::41
Total rows of test data are  ::5
Hello
{Class_DP=//*[@id='maintainCertificate:className'], beneficiary_serch_person=//*[@id='maintainBeneficiaryInformation:incMaintainBeneficiaryInformation:client:searchClient:searchClientTabset:0:searchPerson:search'], grouppolicymainmenu=//*[@id='mainMenu:menuBarEnroll:group']/a/span, person_add_button_member=//*[@id='maintainCertificate:addbutton'], units_button=//*[@id='benefitFamilyCategory:unitsButton'], searchgroupbutton=//*[@id='searchGroup:incSearchGroup:showSearch'], Jobtitle_Text=//*[@id='maintainCertificate:jobTitle'], Member_savestay_button=//*[@id='maintainCertificate:saveStayBtn'], Adreess_line_1=//*[@id='maintainCertificate:client:person:personTab:0:addressLine1'], beneficiary_search_button=//*[@id='maintainBeneficiaryInformation:incMaintainBeneficiaryInformation:beneficiaryCategorySearchButton'], Family_Category_DP=//*[@id='maintainCertificate:familyCategoryIntegerValue'], RiskFactor_DP=//*[@id='maintainCertificate:legacyOccupationCode'], beneficiary_select=//*[@id='maintainBeneficiaryInformation:incMaintainBeneficiaryInformation:client:searchClient:selectButton'], bene_percentage=//*[@id='maintainBeneficiaryInformation:incMaintainBeneficiaryInformation:sharePercentage'], number_of_units=//*[@id='units:incUnits:numberOfUnits'], designated_date=//*[@id='maintainBeneficiaryInformation:incMaintainBeneficiaryInformation:designatedOrInactiveDate'], member_search_button=//*[@id='searchGroup:incSearchGroup:showMember'], Beneficiary_cancel_button=//*[@id='maintainBeneficiary:incMaintainBeneficiary:cancelButton'], Occupationcode_DP=//*[@id='maintainCertificate:occupationCode'], searchgrouplink=//*[@id='mainMenu:menuBarEnroll:group:searchGroup:out'], Wrk_hours=//*[@id='maintainCertificate:numberOfHoursWeek'], person_LS_name=//*[@id='maintainCertificate:client:person:personTab:0:lastName'], member_Last_name=//*[@id='memberSearch:incMemberSearch:memberLastName'], member life_beneficiary=//*[contains(@id,'maintainBeneficiary:incMaintainBeneficiary:tree-d-0')]/div[2]/div/div/a, loginid=//*[@id='username'], loginbtn=//*[@id='login'], person_sex_DP=//*[@id='maintainCertificate:client:person:personTab:0:gender'], Adress_type_DP=//*[@id='maintainCertificate:client:person:personTab:0:addressType'], beneficiary_info_add=//*[@id='beneficiaryInformation:incBeneficiaryInformation:addButton'], Overwrite_Employer_button=//*[@id='maintainCertificate:okEmployerButton'], Certificate_number_textbox=//*[@id='maintainCertificate:certificateNumber'], beneficiary_add=//*[@id='maintainBeneficiary:incMaintainBeneficiary:addButton'], ben_family_cancel_btn=//*[@id='benefitFamilyCategory:cancelButton'], frst_row_ben_fam_cater_table=//*[@id='benefitFamilyCategory:coveredLivesResults']/tbody/tr/td, cert_bene_tree_root=//div[@id='benefitFamilyCategory:tree-d-rt']/div/div/div[2]/div/div/a, person_FS_name=//*[@id='maintainCertificate:client:person:personTab:0:firstName'], Amount=//*[@id='maintainCertificate:amount'], ben_family_cate_link=//*[@id='certificateSubmenu:certificateEnrollSubMenu:certenrollSubMenuBar:showCertificateMenu:showBenefitFamilyCat:out'], group-search_table_data=//*[@id='searchGroup:incSearchGroup:groupTable']/tbody/tr, group-search_table_header=//*[@id='searchGroup:incSearchGroup:groupTable']/thead/tr/th, policyoverwrite_popup=//*[@id='maintainCertificate:okEmployerButton'], Policy_DP=//*[@id='maintainCertificate:policyCarrier'], Employement_type_DP=//*[@id='maintainCertificate:employmentType'], URL=https://172.16.100.218:3443/MAAX/, correspondence_laun_DP=//*[@id='maintainCertificate:client:person:personTab:0:preferredLang'], grouplegalname=//*[@id='searchGroup:incSearchGroup:groupLegalName'], member_first_name=//*[@id='memberSearch:incMemberSearch:memberFirstName'], person_add_save_button=//*[@id='maintainCertificate:client:person:save'], Beneficary_add_save_button=//*[@id='beneficiaryInformation:incBeneficiaryInformation:saveButton'], Plan_DP=//*[@id='maintainCertificate:plan'], units_save_btn=//*[@id='units:incUnits:saveButton'], Enrollstay_button=//*[@id='maintainCertificate:enrollStayButton'], hiredate=//*[@id='maintainCertificate:hireDate'], income_freq_DP=//*[@id='maintainCertificate:frequencyInteger'], Certiificate_Savestay_Button=//*[@id='maintainCertificate:saveStayButton'], Province_of_Billing_DP=//*[@id='maintainCertificate:provinceOfBillingIntegerValue'], Country_DP=//*[@id='maintainCertificate:countryIntegerValue'], Application_date=//*[@id='maintainCertificate:applicationDate'], password=//*[@id='password'], city=//*[@id='maintainCertificate:client:person:personTab:0:city'], personDOB=//*[@id='maintainCertificate:client:person:personTab:0:dateOfBirth'], Division_Dp=//*[@id='maintainCertificate:divisionCodeFromPolicy'], Subdivision_DP=//*[@id='maintainCertificate:subdivision'], postal_code=//*[@id='maintainCertificate:client:person:personTab:0:postalCode'], certificate_menu=//*[@id='certificateSubmenu:certificateEnrollSubMenu:certenrollSubMenuBar:showCertificateMenu']/a/span, beneficiary=//*[@id='certificateSubmenu:certificateEnrollSubMenu:certenrollSubMenuBar:showCertificateMenu:showBeneficiary:out'], beneficairy_ls_name=//*[@id='maintainBeneficiaryInformation:incMaintainBeneficiaryInformation:client:searchClient:searchClientTabset:0:searchPerson:lastName'], Add_certificate_button=//*[@id='maintainCertificate:addCertificateBtn'], bene_relation=//*[@id='maintainBeneficiaryInformation:incMaintainBeneficiaryInformation:beneficiaryRelationship'], Member_add_button=//*[@id='memberSearch:incMemberSearch:showAdd'], income_type_DP=//*[@id='maintainCertificate:incomeTypeInteger'], Certificate_add_ok_button=//*[@id='maintainCertificate:certNoOk'], bene_details_save_button=//*[@id='maintainBeneficiaryInformation:incMaintainBeneficiaryInformation:saveButton'], Province_DP=//*[@id='maintainCertificate:client:person:personTab:0:province']}
{Class_DP=//*[@id='maintainCertificate:className'], beneficiary_serch_person=//*[@id='maintainBeneficiaryInformation:incMaintainBeneficiaryInformation:client:searchClient:searchClientTabset:0:searchPerson:search'], grouppolicymainmenu=//*[@id='mainMenu:menuBarEnroll:group']/a/span, person_add_button_member=//*[@id='maintainCertificate:addbutton'], units_button=//*[@id='benefitFamilyCategory:unitsButton'], searchgroupbutton=//*[@id='searchGroup:incSearchGroup:showSearch'], Jobtitle_Text=//*[@id='maintainCertificate:jobTitle'], Member_savestay_button=//*[@id='maintainCertificate:saveStayBtn'], Adreess_line_1=//*[@id='maintainCertificate:client:person:personTab:0:addressLine1'], beneficiary_search_button=//*[@id='maintainBeneficiaryInformation:incMaintainBeneficiaryInformation:beneficiaryCategorySearchButton'], Family_Category_DP=//*[@id='maintainCertificate:familyCategoryIntegerValue'], RiskFactor_DP=//*[@id='maintainCertificate:legacyOccupationCode'], beneficiary_select=//*[@id='maintainBeneficiaryInformation:incMaintainBeneficiaryInformation:client:searchClient:selectButton'], bene_percentage=//*[@id='maintainBeneficiaryInformation:incMaintainBeneficiaryInformation:sharePercentage'], number_of_units=//*[@id='units:incUnits:numberOfUnits'], designated_date=//*[@id='maintainBeneficiaryInformation:incMaintainBeneficiaryInformation:designatedOrInactiveDate'], member_search_button=//*[@id='searchGroup:incSearchGroup:showMember'], Beneficiary_cancel_button=//*[@id='maintainBeneficiary:incMaintainBeneficiary:cancelButton'], Occupationcode_DP=//*[@id='maintainCertificate:occupationCode'], searchgrouplink=//*[@id='mainMenu:menuBarEnroll:group:searchGroup:out'], Wrk_hours=//*[@id='maintainCertificate:numberOfHoursWeek'], person_LS_name=//*[@id='maintainCertificate:client:person:personTab:0:lastName'], member_Last_name=//*[@id='memberSearch:incMemberSearch:memberLastName'], member life_beneficiary=//*[contains(@id,'maintainBeneficiary:incMaintainBeneficiary:tree-d-0')]/div[2]/div/div/a, loginid=//*[@id='username'], loginbtn=//*[@id='login'], person_sex_DP=//*[@id='maintainCertificate:client:person:personTab:0:gender'], Adress_type_DP=//*[@id='maintainCertificate:client:person:personTab:0:addressType'], beneficiary_info_add=//*[@id='beneficiaryInformation:incBeneficiaryInformation:addButton'], Overwrite_Employer_button=//*[@id='maintainCertificate:okEmployerButton'], Certificate_number_textbox=//*[@id='maintainCertificate:certificateNumber'], beneficiary_add=//*[@id='maintainBeneficiary:incMaintainBeneficiary:addButton'], ben_family_cancel_btn=//*[@id='benefitFamilyCategory:cancelButton'], frst_row_ben_fam_cater_table=//*[@id='benefitFamilyCategory:coveredLivesResults']/tbody/tr/td, cert_bene_tree_root=//div[@id='benefitFamilyCategory:tree-d-rt']/div/div/div[2]/div/div/a, person_FS_name=//*[@id='maintainCertificate:client:person:personTab:0:firstName'], Amount=//*[@id='maintainCertificate:amount'], ben_family_cate_link=//*[@id='certificateSubmenu:certificateEnrollSubMenu:certenrollSubMenuBar:showCertificateMenu:showBenefitFamilyCat:out'], group-search_table_data=//*[@id='searchGroup:incSearchGroup:groupTable']/tbody/tr, group-search_table_header=//*[@id='searchGroup:incSearchGroup:groupTable']/thead/tr/th, policyoverwrite_popup=//*[@id='maintainCertificate:okEmployerButton'], Policy_DP=//*[@id='maintainCertificate:policyCarrier'], Employement_type_DP=//*[@id='maintainCertificate:employmentType'], URL=https://172.16.100.218:3443/MAAX/, correspondence_laun_DP=//*[@id='maintainCertificate:client:person:personTab:0:preferredLang'], grouplegalname=//*[@id='searchGroup:incSearchGroup:groupLegalName'], member_first_name=//*[@id='memberSearch:incMemberSearch:memberFirstName'], person_add_save_button=//*[@id='maintainCertificate:client:person:save'], Beneficary_add_save_button=//*[@id='beneficiaryInformation:incBeneficiaryInformation:saveButton'], Plan_DP=//*[@id='maintainCertificate:plan'], units_save_btn=//*[@id='units:incUnits:saveButton'], Enrollstay_button=//*[@id='maintainCertificate:enrollStayButton'], hiredate=//*[@id='maintainCertificate:hireDate'], income_freq_DP=//*[@id='maintainCertificate:frequencyInteger'], Certiificate_Savestay_Button=//*[@id='maintainCertificate:saveStayButton'], Province_of_Billing_DP=//*[@id='maintainCertificate:provinceOfBillingIntegerValue'], Country_DP=//*[@id='maintainCertificate:countryIntegerValue'], Application_date=//*[@id='maintainCertificate:applicationDate'], password=//*[@id='password'], city=//*[@id='maintainCertificate:client:person:personTab:0:city'], personDOB=//*[@id='maintainCertificate:client:person:personTab:0:dateOfBirth'], Division_Dp=//*[@id='maintainCertificate:divisionCodeFromPolicy'], Subdivision_DP=//*[@id='maintainCertificate:subdivision'], postal_code=//*[@id='maintainCertificate:client:person:personTab:0:postalCode'], certificate_menu=//*[@id='certificateSubmenu:certificateEnrollSubMenu:certenrollSubMenuBar:showCertificateMenu']/a/span, beneficiary=//*[@id='certificateSubmenu:certificateEnrollSubMenu:certenrollSubMenuBar:showCertificateMenu:showBeneficiary:out'], beneficairy_ls_name=//*[@id='maintainBeneficiaryInformation:incMaintainBeneficiaryInformation:client:searchClient:searchClientTabset:0:searchPerson:lastName'], Add_certificate_button=//*[@id='maintainCertificate:addCertificateBtn'], bene_relation=//*[@id='maintainBeneficiaryInformation:incMaintainBeneficiaryInformation:beneficiaryRelationship'], Member_add_button=//*[@id='memberSearch:incMemberSearch:showAdd'], income_type_DP=//*[@id='maintainCertificate:incomeTypeInteger'], Certificate_add_ok_button=//*[@id='maintainCertificate:certNoOk'], bene_details_save_button=//*[@id='maintainBeneficiaryInformation:incMaintainBeneficiaryInformation:saveButton'], Province_DP=//*[@id='maintainCertificate:client:person:personTab:0:province']}
{Class_DP=//*[@id='maintainCertificate:className'], beneficiary_serch_person=//*[@id='maintainBeneficiaryInformation:incMaintainBeneficiaryInformation:client:searchClient:searchClientTabset:0:searchPerson:search'], grouppolicymainmenu=//*[@id='mainMenu:menuBarEnroll:group']/a/span, person_add_button_member=//*[@id='maintainCertificate:addbutton'], units_button=//*[@id='benefitFamilyCategory:unitsButton'], searchgroupbutton=//*[@id='searchGroup:incSearchGroup:showSearch'], Jobtitle_Text=//*[@id='maintainCertificate:jobTitle'], Member_savestay_button=//*[@id='maintainCertificate:saveStayBtn'], Adreess_line_1=//*[@id='maintainCertificate:client:person:personTab:0:addressLine1'], beneficiary_search_button=//*[@id='maintainBeneficiaryInformation:incMaintainBeneficiaryInformation:beneficiaryCategorySearchButton'], Family_Category_DP=//*[@id='maintainCertificate:familyCategoryIntegerValue'], RiskFactor_DP=//*[@id='maintainCertificate:legacyOccupationCode'], beneficiary_select=//*[@id='maintainBeneficiaryInformation:incMaintainBeneficiaryInformation:client:searchClient:selectButton'], bene_percentage=//*[@id='maintainBeneficiaryInformation:incMaintainBeneficiaryInformation:sharePercentage'], number_of_units=//*[@id='units:incUnits:numberOfUnits'], designated_date=//*[@id='maintainBeneficiaryInformation:incMaintainBeneficiaryInformation:designatedOrInactiveDate'], member_search_button=//*[@id='searchGroup:incSearchGroup:showMember'], Beneficiary_cancel_button=//*[@id='maintainBeneficiary:incMaintainBeneficiary:cancelButton'], Occupationcode_DP=//*[@id='maintainCertificate:occupationCode'], searchgrouplink=//*[@id='mainMenu:menuBarEnroll:group:searchGroup:out'], Wrk_hours=//*[@id='maintainCertificate:numberOfHoursWeek'], person_LS_name=//*[@id='maintainCertificate:client:person:personTab:0:lastName'], member_Last_name=//*[@id='memberSearch:incMemberSearch:memberLastName'], member life_beneficiary=//*[contains(@id,'maintainBeneficiary:incMaintainBeneficiary:tree-d-0')]/div[2]/div/div/a, loginid=//*[@id='username'], loginbtn=//*[@id='login'], person_sex_DP=//*[@id='maintainCertificate:client:person:personTab:0:gender'], Adress_type_DP=//*[@id='maintainCertificate:client:person:personTab:0:addressType'], beneficiary_info_add=//*[@id='beneficiaryInformation:incBeneficiaryInformation:addButton'], Overwrite_Employer_button=//*[@id='maintainCertificate:okEmployerButton'], Certificate_number_textbox=//*[@id='maintainCertificate:certificateNumber'], beneficiary_add=//*[@id='maintainBeneficiary:incMaintainBeneficiary:addButton'], ben_family_cancel_btn=//*[@id='benefitFamilyCategory:cancelButton'], frst_row_ben_fam_cater_table=//*[@id='benefitFamilyCategory:coveredLivesResults']/tbody/tr/td, cert_bene_tree_root=//div[@id='benefitFamilyCategory:tree-d-rt']/div/div/div[2]/div/div/a, person_FS_name=//*[@id='maintainCertificate:client:person:personTab:0:firstName'], Amount=//*[@id='maintainCertificate:amount'], ben_family_cate_link=//*[@id='certificateSubmenu:certificateEnrollSubMenu:certenrollSubMenuBar:showCertificateMenu:showBenefitFamilyCat:out'], group-search_table_data=//*[@id='searchGroup:incSearchGroup:groupTable']/tbody/tr, group-search_table_header=//*[@id='searchGroup:incSearchGroup:groupTable']/thead/tr/th, policyoverwrite_popup=//*[@id='maintainCertificate:okEmployerButton'], Policy_DP=//*[@id='maintainCertificate:policyCarrier'], Employement_type_DP=//*[@id='maintainCertificate:employmentType'], URL=https://172.16.100.218:3443/MAAX/, correspondence_laun_DP=//*[@id='maintainCertificate:client:person:personTab:0:preferredLang'], grouplegalname=//*[@id='searchGroup:incSearchGroup:groupLegalName'], member_first_name=//*[@id='memberSearch:incMemberSearch:memberFirstName'], person_add_save_button=//*[@id='maintainCertificate:client:person:save'], Beneficary_add_save_button=//*[@id='beneficiaryInformation:incBeneficiaryInformation:saveButton'], Plan_DP=//*[@id='maintainCertificate:plan'], units_save_btn=//*[@id='units:incUnits:saveButton'], Enrollstay_button=//*[@id='maintainCertificate:enrollStayButton'], hiredate=//*[@id='maintainCertificate:hireDate'], income_freq_DP=//*[@id='maintainCertificate:frequencyInteger'], Certiificate_Savestay_Button=//*[@id='maintainCertificate:saveStayButton'], Province_of_Billing_DP=//*[@id='maintainCertificate:provinceOfBillingIntegerValue'], Country_DP=//*[@id='maintainCertificate:countryIntegerValue'], Application_date=//*[@id='maintainCertificate:applicationDate'], password=//*[@id='password'], city=//*[@id='maintainCertificate:client:person:personTab:0:city'], personDOB=//*[@id='maintainCertificate:client:person:personTab:0:dateOfBirth'], Division_Dp=//*[@id='maintainCertificate:divisionCodeFromPolicy'], Subdivision_DP=//*[@id='maintainCertificate:subdivision'], postal_code=//*[@id='maintainCertificate:client:person:personTab:0:postalCode'], certificate_menu=//*[@id='certificateSubmenu:certificateEnrollSubMenu:certenrollSubMenuBar:showCertificateMenu']/a/span, beneficiary=//*[@id='certificateSubmenu:certificateEnrollSubMenu:certenrollSubMenuBar:showCertificateMenu:showBeneficiary:out'], beneficairy_ls_name=//*[@id='maintainBeneficiaryInformation:incMaintainBeneficiaryInformation:client:searchClient:searchClientTabset:0:searchPerson:lastName'], Add_certificate_button=//*[@id='maintainCertificate:addCertificateBtn'], bene_relation=//*[@id='maintainBeneficiaryInformation:incMaintainBeneficiaryInformation:beneficiaryRelationship'], Member_add_button=//*[@id='memberSearch:incMemberSearch:showAdd'], income_type_DP=//*[@id='maintainCertificate:incomeTypeInteger'], Certificate_add_ok_button=//*[@id='maintainCertificate:certNoOk'], bene_details_save_button=//*[@id='maintainBeneficiaryInformation:incMaintainBeneficiaryInformation:saveButton'], Province_DP=//*[@id='maintainCertificate:client:person:personTab:0:province']}
{Class_DP=//*[@id='maintainCertificate:className'], beneficiary_serch_person=//*[@id='maintainBeneficiaryInformation:incMaintainBeneficiaryInformation:client:searchClient:searchClientTabset:0:searchPerson:search'], grouppolicymainmenu=//*[@id='mainMenu:menuBarEnroll:group']/a/span, person_add_button_member=//*[@id='maintainCertificate:addbutton'], units_button=//*[@id='benefitFamilyCategory:unitsButton'], searchgroupbutton=//*[@id='searchGroup:incSearchGroup:showSearch'], Jobtitle_Text=//*[@id='maintainCertificate:jobTitle'], Member_savestay_button=//*[@id='maintainCertificate:saveStayBtn'], Adreess_line_1=//*[@id='maintainCertificate:client:person:personTab:0:addressLine1'], beneficiary_search_button=//*[@id='maintainBeneficiaryInformation:incMaintainBeneficiaryInformation:beneficiaryCategorySearchButton'], Family_Category_DP=//*[@id='maintainCertificate:familyCategoryIntegerValue'], RiskFactor_DP=//*[@id='maintainCertificate:legacyOccupationCode'], beneficiary_select=//*[@id='maintainBeneficiaryInformation:incMaintainBeneficiaryInformation:client:searchClient:selectButton'], bene_percentage=//*[@id='maintainBeneficiaryInformation:incMaintainBeneficiaryInformation:sharePercentage'], number_of_units=//*[@id='units:incUnits:numberOfUnits'], designated_date=//*[@id='maintainBeneficiaryInformation:incMaintainBeneficiaryInformation:designatedOrInactiveDate'], member_search_button=//*[@id='searchGroup:incSearchGroup:showMember'], Beneficiary_cancel_button=//*[@id='maintainBeneficiary:incMaintainBeneficiary:cancelButton'], Occupationcode_DP=//*[@id='maintainCertificate:occupationCode'], searchgrouplink=//*[@id='mainMenu:menuBarEnroll:group:searchGroup:out'], Wrk_hours=//*[@id='maintainCertificate:numberOfHoursWeek'], person_LS_name=//*[@id='maintainCertificate:client:person:personTab:0:lastName'], member_Last_name=//*[@id='memberSearch:incMemberSearch:memberLastName'], member life_beneficiary=//*[contains(@id,'maintainBeneficiary:incMaintainBeneficiary:tree-d-0')]/div[2]/div/div/a, loginid=//*[@id='username'], loginbtn=//*[@id='login'], person_sex_DP=//*[@id='maintainCertificate:client:person:personTab:0:gender'], Adress_type_DP=//*[@id='maintainCertificate:client:person:personTab:0:addressType'], beneficiary_info_add=//*[@id='beneficiaryInformation:incBeneficiaryInformation:addButton'], Overwrite_Employer_button=//*[@id='maintainCertificate:okEmployerButton'], Certificate_number_textbox=//*[@id='maintainCertificate:certificateNumber'], beneficiary_add=//*[@id='maintainBeneficiary:incMaintainBeneficiary:addButton'], ben_family_cancel_btn=//*[@id='benefitFamilyCategory:cancelButton'], frst_row_ben_fam_cater_table=//*[@id='benefitFamilyCategory:coveredLivesResults']/tbody/tr/td, cert_bene_tree_root=//div[@id='benefitFamilyCategory:tree-d-rt']/div/div/div[2]/div/div/a, person_FS_name=//*[@id='maintainCertificate:client:person:personTab:0:firstName'], Amount=//*[@id='maintainCertificate:amount'], ben_family_cate_link=//*[@id='certificateSubmenu:certificateEnrollSubMenu:certenrollSubMenuBar:showCertificateMenu:showBenefitFamilyCat:out'], group-search_table_data=//*[@id='searchGroup:incSearchGroup:groupTable']/tbody/tr, group-search_table_header=//*[@id='searchGroup:incSearchGroup:groupTable']/thead/tr/th, policyoverwrite_popup=//*[@id='maintainCertificate:okEmployerButton'], Policy_DP=//*[@id='maintainCertificate:policyCarrier'], Employement_type_DP=//*[@id='maintainCertificate:employmentType'], URL=https://172.16.100.218:3443/MAAX/, correspondence_laun_DP=//*[@id='maintainCertificate:client:person:personTab:0:preferredLang'], grouplegalname=//*[@id='searchGroup:incSearchGroup:groupLegalName'], member_first_name=//*[@id='memberSearch:incMemberSearch:memberFirstName'], person_add_save_button=//*[@id='maintainCertificate:client:person:save'], Beneficary_add_save_button=//*[@id='beneficiaryInformation:incBeneficiaryInformation:saveButton'], Plan_DP=//*[@id='maintainCertificate:plan'], units_save_btn=//*[@id='units:incUnits:saveButton'], Enrollstay_button=//*[@id='maintainCertificate:enrollStayButton'], hiredate=//*[@id='maintainCertificate:hireDate'], income_freq_DP=//*[@id='maintainCertificate:frequencyInteger'], Certiificate_Savestay_Button=//*[@id='maintainCertificate:saveStayButton'], Province_of_Billing_DP=//*[@id='maintainCertificate:provinceOfBillingIntegerValue'], Country_DP=//*[@id='maintainCertificate:countryIntegerValue'], Application_date=//*[@id='maintainCertificate:applicationDate'], password=//*[@id='password'], city=//*[@id='maintainCertificate:client:person:personTab:0:city'], personDOB=//*[@id='maintainCertificate:client:person:personTab:0:dateOfBirth'], Division_Dp=//*[@id='maintainCertificate:divisionCodeFromPolicy'], Subdivision_DP=//*[@id='maintainCertificate:subdivision'], postal_code=//*[@id='maintainCertificate:client:person:personTab:0:postalCode'], certificate_menu=//*[@id='certificateSubmenu:certificateEnrollSubMenu:certenrollSubMenuBar:showCertificateMenu']/a/span, beneficiary=//*[@id='certificateSubmenu:certificateEnrollSubMenu:certenrollSubMenuBar:showCertificateMenu:showBeneficiary:out'], beneficairy_ls_name=//*[@id='maintainBeneficiaryInformation:incMaintainBeneficiaryInformation:client:searchClient:searchClientTabset:0:searchPerson:lastName'], Add_certificate_button=//*[@id='maintainCertificate:addCertificateBtn'], bene_relation=//*[@id='maintainBeneficiaryInformation:incMaintainBeneficiaryInformation:beneficiaryRelationship'], Member_add_button=//*[@id='memberSearch:incMemberSearch:showAdd'], income_type_DP=//*[@id='maintainCertificate:incomeTypeInteger'], Certificate_add_ok_button=//*[@id='maintainCertificate:certNoOk'], bene_details_save_button=//*[@id='maintainBeneficiaryInformation:incMaintainBeneficiaryInformation:saveButton'], Province_DP=//*[@id='maintainCertificate:client:person:personTab:0:province']}
]]></system-out>
    <system-err><![CDATA[java.io.FileNotFoundException: Source 'C:\Users\othnvun\workspace_framework\maaxautomation\target\simplereports\Results_Sheet.xlsx' does not exist
	at org.apache.commons.io.FileUtils.copyFile(FileUtils.java:1074)
	at org.apache.commons.io.FileUtils.copyFile(FileUtils.java:1038)
	at com.maax.businessmanager.util.CustomListener.onStart(CustomListener.java:142)
	at org.testng.SuiteRunner.invokeListeners(SuiteRunner.java:197)
	at org.testng.SuiteRunner.run(SuiteRunner.java:238)
	at org.testng.SuiteRunnerWorker.runSuite(SuiteRunnerWorker.java:52)
	at org.testng.SuiteRunnerWorker.run(SuiteRunnerWorker.java:86)
	at org.testng.TestNG.runSuitesSequentially(TestNG.java:1198)
	at org.testng.TestNG.runSuitesSequentially(TestNG.java:1194)
	at org.testng.TestNG.runSuitesLocally(TestNG.java:1123)
	at org.testng.TestNG.run(TestNG.java:1031)
	at org.apache.maven.surefire.testng.TestNGExecutor.run(TestNGExecutor.java:281)
	at org.apache.maven.surefire.testng.TestNGXmlTestSuite.execute(TestNGXmlTestSuite.java:75)
	at org.apache.maven.surefire.testng.TestNGProvider.invoke(TestNGProvider.java:121)
	at org.apache.maven.surefire.booter.ForkedBooter.invokeProviderInSameClassLoader(ForkedBooter.java:290)
	at org.apache.maven.surefire.booter.ForkedBooter.runSuitesInProcess(ForkedBooter.java:242)
	at org.apache.maven.surefire.booter.ForkedBooter.main(ForkedBooter.java:121)
]]></system-err>
  </testcase>
  <testcase name="certificateadd" classname="com.maax.businessmanager.common.Certificate_Add" time="0">
    <skipped message="Test case is configured as No"/>
  </testcase>
  <testcase name="certificateadd" classname="com.maax.businessmanager.common.Certificate_Add" time="0">
    <skipped message="Test case is configured as No"/>
    <system-out><![CDATA[{Class_DP=//*[@id='maintainCertificate:className'], beneficiary_serch_person=//*[@id='maintainBeneficiaryInformation:incMaintainBeneficiaryInformation:client:searchClient:searchClientTabset:0:searchPerson:search'], grouppolicymainmenu=//*[@id='mainMenu:menuBarEnroll:group']/a/span, person_add_button_member=//*[@id='maintainCertificate:addbutton'], units_button=//*[@id='benefitFamilyCategory:unitsButton'], searchgroupbutton=//*[@id='searchGroup:incSearchGroup:showSearch'], Jobtitle_Text=//*[@id='maintainCertificate:jobTitle'], Member_savestay_button=//*[@id='maintainCertificate:saveStayBtn'], Adreess_line_1=//*[@id='maintainCertificate:client:person:personTab:0:addressLine1'], beneficiary_search_button=//*[@id='maintainBeneficiaryInformation:incMaintainBeneficiaryInformation:beneficiaryCategorySearchButton'], Family_Category_DP=//*[@id='maintainCertificate:familyCategoryIntegerValue'], RiskFactor_DP=//*[@id='maintainCertificate:legacyOccupationCode'], beneficiary_select=//*[@id='maintainBeneficiaryInformation:incMaintainBeneficiaryInformation:client:searchClient:selectButton'], bene_percentage=//*[@id='maintainBeneficiaryInformation:incMaintainBeneficiaryInformation:sharePercentage'], number_of_units=//*[@id='units:incUnits:numberOfUnits'], designated_date=//*[@id='maintainBeneficiaryInformation:incMaintainBeneficiaryInformation:designatedOrInactiveDate'], member_search_button=//*[@id='searchGroup:incSearchGroup:showMember'], Beneficiary_cancel_button=//*[@id='maintainBeneficiary:incMaintainBeneficiary:cancelButton'], Occupationcode_DP=//*[@id='maintainCertificate:occupationCode'], searchgrouplink=//*[@id='mainMenu:menuBarEnroll:group:searchGroup:out'], Wrk_hours=//*[@id='maintainCertificate:numberOfHoursWeek'], person_LS_name=//*[@id='maintainCertificate:client:person:personTab:0:lastName'], member_Last_name=//*[@id='memberSearch:incMemberSearch:memberLastName'], member life_beneficiary=//*[contains(@id,'maintainBeneficiary:incMaintainBeneficiary:tree-d-0')]/div[2]/div/div/a, loginid=//*[@id='username'], loginbtn=//*[@id='login'], person_sex_DP=//*[@id='maintainCertificate:client:person:personTab:0:gender'], Adress_type_DP=//*[@id='maintainCertificate:client:person:personTab:0:addressType'], beneficiary_info_add=//*[@id='beneficiaryInformation:incBeneficiaryInformation:addButton'], Overwrite_Employer_button=//*[@id='maintainCertificate:okEmployerButton'], Certificate_number_textbox=//*[@id='maintainCertificate:certificateNumber'], beneficiary_add=//*[@id='maintainBeneficiary:incMaintainBeneficiary:addButton'], ben_family_cancel_btn=//*[@id='benefitFamilyCategory:cancelButton'], frst_row_ben_fam_cater_table=//*[@id='benefitFamilyCategory:coveredLivesResults']/tbody/tr/td, cert_bene_tree_root=//div[@id='benefitFamilyCategory:tree-d-rt']/div/div/div[2]/div/div/a, person_FS_name=//*[@id='maintainCertificate:client:person:personTab:0:firstName'], Amount=//*[@id='maintainCertificate:amount'], ben_family_cate_link=//*[@id='certificateSubmenu:certificateEnrollSubMenu:certenrollSubMenuBar:showCertificateMenu:showBenefitFamilyCat:out'], group-search_table_data=//*[@id='searchGroup:incSearchGroup:groupTable']/tbody/tr, group-search_table_header=//*[@id='searchGroup:incSearchGroup:groupTable']/thead/tr/th, policyoverwrite_popup=//*[@id='maintainCertificate:okEmployerButton'], Policy_DP=//*[@id='maintainCertificate:policyCarrier'], Employement_type_DP=//*[@id='maintainCertificate:employmentType'], URL=https://172.16.100.218:3443/MAAX/, correspondence_laun_DP=//*[@id='maintainCertificate:client:person:personTab:0:preferredLang'], grouplegalname=//*[@id='searchGroup:incSearchGroup:groupLegalName'], member_first_name=//*[@id='memberSearch:incMemberSearch:memberFirstName'], person_add_save_button=//*[@id='maintainCertificate:client:person:save'], Beneficary_add_save_button=//*[@id='beneficiaryInformation:incBeneficiaryInformation:saveButton'], Plan_DP=//*[@id='maintainCertificate:plan'], units_save_btn=//*[@id='units:incUnits:saveButton'], Enrollstay_button=//*[@id='maintainCertificate:enrollStayButton'], hiredate=//*[@id='maintainCertificate:hireDate'], income_freq_DP=//*[@id='maintainCertificate:frequencyInteger'], Certiificate_Savestay_Button=//*[@id='maintainCertificate:saveStayButton'], Province_of_Billing_DP=//*[@id='maintainCertificate:provinceOfBillingIntegerValue'], Country_DP=//*[@id='maintainCertificate:countryIntegerValue'], Application_date=//*[@id='maintainCertificate:applicationDate'], password=//*[@id='password'], city=//*[@id='maintainCertificate:client:person:personTab:0:city'], personDOB=//*[@id='maintainCertificate:client:person:personTab:0:dateOfBirth'], Division_Dp=//*[@id='maintainCertificate:divisionCodeFromPolicy'], Subdivision_DP=//*[@id='maintainCertificate:subdivision'], postal_code=//*[@id='maintainCertificate:client:person:personTab:0:postalCode'], certificate_menu=//*[@id='certificateSubmenu:certificateEnrollSubMenu:certenrollSubMenuBar:showCertificateMenu']/a/span, beneficiary=//*[@id='certificateSubmenu:certificateEnrollSubMenu:certenrollSubMenuBar:showCertificateMenu:showBeneficiary:out'], beneficairy_ls_name=//*[@id='maintainBeneficiaryInformation:incMaintainBeneficiaryInformation:client:searchClient:searchClientTabset:0:searchPerson:lastName'], Add_certificate_button=//*[@id='maintainCertificate:addCertificateBtn'], bene_relation=//*[@id='maintainBeneficiaryInformation:incMaintainBeneficiaryInformation:beneficiaryRelationship'], Member_add_button=//*[@id='memberSearch:incMemberSearch:showAdd'], income_type_DP=//*[@id='maintainCertificate:incomeTypeInteger'], Certificate_add_ok_button=//*[@id='maintainCertificate:certNoOk'], bene_details_save_button=//*[@id='maintainBeneficiaryInformation:incMaintainBeneficiaryInformation:saveButton'], Province_DP=//*[@id='maintainCertificate:client:person:personTab:0:province']}
]]></system-out>
  </testcase>
  <testcase name="certificateadd" classname="com.maax.businessmanager.common.Certificate_Add" time="0">
    <skipped message="Test case is configured as No"/>
  </testcase>
  <testcase name="certificateadd" classname="com.maax.businessmanager.common.Certificate_Add" time="332.315"/>
</testsuite>