<?xml version="1.0" encoding="UTF-8"?>
<!-- Generated by org.testng.reporters.JUnitReportReporter -->
<testsuite hostname="LMTN202461" name="com.maax.businessmanager.common.temptest" tests="1" failures="0" timestamp="17 Dec 2014 16:58:34 GMT" time="80.832" errors="0">
  <testcase name="dotest" time="80.832" classname="com.maax.businessmanager.common.temptest"/>
</testsuite> <!-- com.maax.businessmanager.common.temptest -->
