<?xml version="1.0" encoding="UTF-8"?>
<!-- Generated by org.testng.reporters.JUnitReportReporter -->
<testsuite hostname="LMTN202461" name="com.maax.businessmanager.common.Policy_add" tests="1" failures="0" timestamp="9 Aug 2016 06:26:01 GMT" time="67.678" errors="0">
  <testcase name="policyadd" time="67.678" classname="com.maax.businessmanager.common.Policy_add"/>
</testsuite> <!-- com.maax.businessmanager.common.Policy_add -->
