<?xml version="1.0" encoding="UTF-8"?>
<!-- Generated by org.testng.reporters.JUnitReportReporter -->
<testsuite hostname="LMTN202461" name="com.maax.businessmanager.common.provision_copy_defectTest" tests="4" failures="0" timestamp="30 Dec 2014 17:08:25 GMT" time="200.139" errors="0">
  <testcase name="Provisioncopy" time="50.908" classname="com.maax.businessmanager.common.provision_copy_defectTest"/>
  <testcase name="Provisioncopy" time="52.762" classname="com.maax.businessmanager.common.provision_copy_defectTest"/>
  <testcase name="Provisioncopy" time="47.635" classname="com.maax.businessmanager.common.provision_copy_defectTest"/>
  <testcase name="Provisioncopy" time="48.834" classname="com.maax.businessmanager.common.provision_copy_defectTest"/>
</testsuite> <!-- com.maax.businessmanager.common.provision_copy_defectTest -->
