<?xml version="1.0" encoding="UTF-8"?>
<!-- Generated by org.testng.reporters.JUnitReportReporter -->
<testsuite hostname="LMTN202461" name="com.maax.businessmanager.sampletest" tests="1" failures="0" timestamp="12 Dec 2014 17:52:32 GMT" time="0.017" errors="0">
  <testcase name="helloTest" time="0.017" classname="com.maax.businessmanager.sampletest"/>
</testsuite> <!-- com.maax.businessmanager.sampletest -->
