<?xml version="1.0" encoding="UTF-8"?>
<!-- Generated by org.testng.reporters.JUnitReportReporter -->
<testsuite hostname="LMTN202461" name="com.maax.businessmanager.rough.checkingrunmodessample" tests="1" failures="0" timestamp="16 Dec 2014 01:35:28 GMT" time="0.907" errors="0">
  <testcase name="check1" time="0.907" classname="com.maax.businessmanager.rough.checkingrunmodessample"/>
</testsuite> <!-- com.maax.businessmanager.rough.checkingrunmodessample -->
