<?xml version="1.0" encoding="UTF-8"?>
<!-- Generated by org.testng.reporters.JUnitReportReporter -->
<testsuite hostname="LMTN202461" name="com.maax.businessmanager.common.plan_copy" tests="1" failures="0" timestamp="25 Jun 2015 12:30:16 GMT" time="42.572" errors="0">
  <testcase name="plan_copy_test" time="42.572" classname="com.maax.businessmanager.common.plan_copy"/>
</testsuite> <!-- com.maax.businessmanager.common.plan_copy -->
