<?xml version="1.0" encoding="UTF-8"?>
<!-- Generated by org.testng.reporters.JUnitReportReporter -->
<testsuite hostname="LMTN202461" name="com.maax.businessmanager.common.databasecheckTEST" tests="1" failures="0" timestamp="20 Jan 2015 19:54:22 GMT" time="1.380" errors="0">
  <testcase name="dbtest" time="1.380" classname="com.maax.businessmanager.common.databasecheckTEST"/>
</testsuite> <!-- com.maax.businessmanager.common.databasecheckTEST -->
