<?xml version="1.0" encoding="UTF-8"?>
<!-- Generated by org.testng.reporters.JUnitReportReporter -->
<testsuite hostname="LMTN202461" name="com.maax.businessmanager.common.provision_copy_defect_Test" tests="10" failures="0" timestamp="17 Feb 2015 20:45:44 GMT" time="738.752" errors="0">
  <testcase name="Provisioncopy" time="79.814" classname="com.maax.businessmanager.common.provision_copy_defect_Test"/>
  <testcase name="Provisioncopy" time="62.617" classname="com.maax.businessmanager.common.provision_copy_defect_Test"/>
  <testcase name="Provisioncopy" time="96.466" classname="com.maax.businessmanager.common.provision_copy_defect_Test"/>
  <testcase name="Provisioncopy" time="37.032" classname="com.maax.businessmanager.common.provision_copy_defect_Test"/>
  <testcase name="Provisioncopy" time="54.651" classname="com.maax.businessmanager.common.provision_copy_defect_Test"/>
  <testcase name="Provisioncopy" time="92.044" classname="com.maax.businessmanager.common.provision_copy_defect_Test"/>
  <testcase name="Provisioncopy" time="73.307" classname="com.maax.businessmanager.common.provision_copy_defect_Test"/>
  <testcase name="Provisioncopy" time="48.340" classname="com.maax.businessmanager.common.provision_copy_defect_Test"/>
  <testcase name="Provisioncopy" time="108.240" classname="com.maax.businessmanager.common.provision_copy_defect_Test"/>
  <testcase name="Provisioncopy" time="86.241" classname="com.maax.businessmanager.common.provision_copy_defect_Test"/>
</testsuite> <!-- com.maax.businessmanager.common.provision_copy_defect_Test -->
